#! /usr/bin/vvp
:ivl_version "11.0 (stable)";
:ivl_delay_selection "TYPICAL";
:vpi_time_precision + 0;
:vpi_module "/usr/lib/x86_64-linux-gnu/ivl/system.vpi";
:vpi_module "/usr/lib/x86_64-linux-gnu/ivl/vhdl_sys.vpi";
:vpi_module "/usr/lib/x86_64-linux-gnu/ivl/vhdl_textio.vpi";
:vpi_module "/usr/lib/x86_64-linux-gnu/ivl/v2005_math.vpi";
:vpi_module "/usr/lib/x86_64-linux-gnu/ivl/va_math.vpi";
S_0x62cb49352d90 .scope module, "test" "test" 2 1;
 .timescale 0 0;
v0x62cb49436fa0_0 .net "A_reg_out", 15 0, v0x62cb494321d0_0;  1 drivers
v0x62cb494370d0_0 .net "D_reg_out", 15 0, v0x62cb494327b0_0;  1 drivers
v0x62cb494371e0_0 .net "addressM", 15 0, v0x62cb49435460_0;  1 drivers
v0x62cb49437280_0 .var "clk", 0 0;
v0x62cb49437350_0 .var "inM", 15 0;
v0x62cb49437440_0 .var "instruction", 15 0;
v0x62cb49437510_0 .net "outM", 15 0, v0x62cb49436580_0;  1 drivers
v0x62cb494375e0_0 .net "pcaddr", 15 0, v0x62cb49436b00_0;  1 drivers
v0x62cb494376b0_0 .var "reset", 0 0;
v0x62cb49437780_0 .var "t", 15 0;
v0x62cb49437820_0 .net "writeM", 0 0, v0x62cb49436da0_0;  1 drivers
E_0x62cb493e4320 .event negedge, v0x62cb49435fa0_0;
S_0x62cb49352f20 .scope module, "cpu" "cpu" 2 18, 3 1 0, S_0x62cb49352d90;
 .timescale 0 0;
    .port_info 0 /INPUT 1 "clk";
    .port_info 1 /INPUT 16 "inM";
    .port_info 2 /INPUT 16 "instruction";
    .port_info 3 /INPUT 1 "reset";
    .port_info 4 /OUTPUT 16 "outM";
    .port_info 5 /OUTPUT 1 "writeM";
    .port_info 6 /OUTPUT 16 "addressM";
    .port_info 7 /OUTPUT 16 "pcaddr";
    .port_info 8 /OUTPUT 16 "D_reg_out";
    .port_info 9 /OUTPUT 16 "A_reg_out";
v0x62cb49434d70_0 .var "A_reg_clk", 0 0;
v0x62cb49434e60_0 .var "A_reg_in", 15 0;
v0x62cb49434f30_0 .net "A_reg_out", 15 0, v0x62cb494321d0_0;  alias, 1 drivers
v0x62cb49435030_0 .var "A_reg_write", 0 0;
v0x62cb49435100_0 .var "D_reg_clk", 0 0;
v0x62cb494351f0_0 .var "D_reg_in", 15 0;
v0x62cb494352c0_0 .net "D_reg_out", 15 0, v0x62cb494327b0_0;  alias, 1 drivers
v0x62cb49435390_0 .var "D_reg_write", 0 0;
v0x62cb49435460_0 .var "addressM", 15 0;
v0x62cb49435500_0 .var "alu_f", 0 0;
v0x62cb494355d0_0 .net "alu_ng", 0 0, v0x62cb49432dd0_0;  1 drivers
v0x62cb494356a0_0 .var "alu_no", 0 0;
v0x62cb49435770_0 .var "alu_nx", 0 0;
v0x62cb49435840_0 .var "alu_ny", 0 0;
v0x62cb49435910_0 .net "alu_out", 15 0, v0x62cb49433130_0;  1 drivers
v0x62cb494359e0_0 .var "alu_x", 15 0;
v0x62cb49435ab0_0 .var "alu_y", 15 0;
v0x62cb49435c90_0 .var "alu_y_in", 15 0;
v0x62cb49435d30_0 .net "alu_zr", 0 0, v0x62cb49433830_0;  1 drivers
v0x62cb49435e00_0 .var "alu_zx", 0 0;
v0x62cb49435ed0_0 .var "alu_zy", 0 0;
v0x62cb49435fa0_0 .net "clk", 0 0, v0x62cb49437280_0;  1 drivers
v0x62cb49436040_0 .net "inM", 15 0, v0x62cb49437350_0;  1 drivers
v0x62cb494360e0_0 .net "instruction", 15 0, v0x62cb49437440_0;  1 drivers
v0x62cb49436180_0 .var "jeq", 0 0;
v0x62cb49436220_0 .var "jgt", 0 0;
v0x62cb494362c0_0 .var "jlt", 0 0;
v0x62cb49436360_0 .var "ld", 0 0;
v0x62cb49436400_0 .var "ni", 0 0;
v0x62cb494364c0_0 .var "nzr", 0 0;
v0x62cb49436580_0 .var "outM", 15 0;
v0x62cb49436660_0 .var "pc_clk", 0 0;
v0x62cb49436700_0 .var "pc_in", 15 0;
v0x62cb494367c0_0 .var "pc_incr", 0 0;
v0x62cb49436890_0 .var "pc_load", 0 0;
v0x62cb49436960_0 .net "pc_out", 15 0, v0x62cb49434910_0;  1 drivers
v0x62cb49436a30_0 .var "pc_reset", 0 0;
v0x62cb49436b00_0 .var "pcaddr", 15 0;
v0x62cb49436ba0_0 .var "pos", 0 0;
v0x62cb49436c40_0 .var "posnzr", 0 0;
v0x62cb49436ce0_0 .net "reset", 0 0, v0x62cb494376b0_0;  1 drivers
v0x62cb49436da0_0 .var "writeM", 0 0;
E_0x62cb493e45e0/0 .event edge, v0x62cb49435fa0_0, v0x62cb494360e0_0, v0x62cb49436400_0, v0x62cb49436580_0;
E_0x62cb493e45e0/1 .event edge, v0x62cb49432dd0_0, v0x62cb49433830_0, v0x62cb49436ba0_0, v0x62cb494364c0_0;
E_0x62cb493e45e0/2 .event edge, v0x62cb49436220_0, v0x62cb49436c40_0, v0x62cb49436180_0, v0x62cb494362c0_0;
E_0x62cb493e45e0/3 .event edge, v0x62cb494321d0_0, v0x62cb49436360_0, v0x62cb49436ce0_0, v0x62cb494327b0_0;
E_0x62cb493e45e0/4 .event edge, v0x62cb49436040_0, v0x62cb49435c90_0, v0x62cb49433130_0, v0x62cb49434910_0;
E_0x62cb493e45e0 .event/or E_0x62cb493e45e0/0, E_0x62cb493e45e0/1, E_0x62cb493e45e0/2, E_0x62cb493e45e0/3, E_0x62cb493e45e0/4;
S_0x62cb493e8650 .scope module, "A_register" "register" 3 39, 4 1 0, S_0x62cb49352f20;
 .timescale 0 0;
    .port_info 0 /INPUT 1 "clk";
    .port_info 1 /INPUT 1 "write";
    .port_info 2 /INPUT 16 "in";
    .port_info 3 /OUTPUT 16 "out";
v0x62cb49413be0_0 .net "clk", 0 0, v0x62cb49434d70_0;  1 drivers
v0x62cb49413c80_0 .net "in", 15 0, v0x62cb49434e60_0;  1 drivers
v0x62cb494321d0_0 .var "out", 15 0;
v0x62cb49432290_0 .net "write", 0 0, v0x62cb49435030_0;  1 drivers
E_0x62cb493769f0 .event negedge, v0x62cb49413be0_0;
S_0x62cb494323d0 .scope module, "D_register" "register" 3 53, 4 1 0, S_0x62cb49352f20;
 .timescale 0 0;
    .port_info 0 /INPUT 1 "clk";
    .port_info 1 /INPUT 1 "write";
    .port_info 2 /INPUT 16 "in";
    .port_info 3 /OUTPUT 16 "out";
v0x62cb494325f0_0 .net "clk", 0 0, v0x62cb49435100_0;  1 drivers
v0x62cb494326d0_0 .net "in", 15 0, v0x62cb494351f0_0;  1 drivers
v0x62cb494327b0_0 .var "out", 15 0;
v0x62cb49432870_0 .net "write", 0 0, v0x62cb49435390_0;  1 drivers
E_0x62cb494133e0 .event negedge, v0x62cb494325f0_0;
S_0x62cb494329b0 .scope module, "alu" "alu" 3 74, 5 1 0, S_0x62cb49352f20;
 .timescale 0 0;
    .port_info 0 /INPUT 16 "x";
    .port_info 1 /INPUT 16 "y";
    .port_info 2 /INPUT 1 "zx";
    .port_info 3 /INPUT 1 "nx";
    .port_info 4 /INPUT 1 "zy";
    .port_info 5 /INPUT 1 "ny";
    .port_info 6 /INPUT 1 "f";
    .port_info 7 /INPUT 1 "no";
    .port_info 8 /OUTPUT 1 "zr";
    .port_info 9 /OUTPUT 1 "ng";
    .port_info 10 /OUTPUT 16 "out";
v0x62cb49432c10_0 .net "f", 0 0, v0x62cb49435500_0;  1 drivers
v0x62cb49432cf0_0 .var "fout", 15 0;
v0x62cb49432dd0_0 .var "ng", 0 0;
v0x62cb49432ea0_0 .net "no", 0 0, v0x62cb494356a0_0;  1 drivers
v0x62cb49432f60_0 .net "nx", 0 0, v0x62cb49435770_0;  1 drivers
v0x62cb49433070_0 .net "ny", 0 0, v0x62cb49435840_0;  1 drivers
v0x62cb49433130_0 .var "out", 15 0;
v0x62cb49433210_0 .var "res", 15 0;
v0x62cb494332f0_0 .net "x", 15 0, v0x62cb494359e0_0;  1 drivers
v0x62cb494333d0_0 .var "x1", 15 0;
v0x62cb494334b0_0 .var "x2", 15 0;
v0x62cb49433590_0 .net "y", 15 0, v0x62cb49435ab0_0;  1 drivers
v0x62cb49433670_0 .var "y1", 15 0;
v0x62cb49433750_0 .var "y2", 15 0;
v0x62cb49433830_0 .var "zr", 0 0;
v0x62cb494338f0_0 .net "zx", 0 0, v0x62cb49435e00_0;  1 drivers
v0x62cb494339b0_0 .net "zy", 0 0, v0x62cb49435ed0_0;  1 drivers
E_0x62cb49413560/0 .event edge, v0x62cb494338f0_0, v0x62cb494332f0_0, v0x62cb494339b0_0, v0x62cb49433590_0;
E_0x62cb49413560/1 .event edge, v0x62cb49432f60_0, v0x62cb494333d0_0, v0x62cb49433070_0, v0x62cb49433670_0;
E_0x62cb49413560/2 .event edge, v0x62cb49432c10_0, v0x62cb494334b0_0, v0x62cb49433750_0, v0x62cb49432ea0_0;
E_0x62cb49413560/3 .event edge, v0x62cb49432cf0_0, v0x62cb49433210_0;
E_0x62cb49413560 .event/or E_0x62cb49413560/0, E_0x62cb49413560/1, E_0x62cb49413560/2, E_0x62cb49413560/3;
S_0x62cb49433c30 .scope module, "pc" "pc" 3 97, 6 1 0, S_0x62cb49352f20;
 .timescale 0 0;
    .port_info 0 /OUTPUT 16 "out";
    .port_info 1 /INPUT 16 "in";
    .port_info 2 /INPUT 1 "clk";
    .port_info 3 /INPUT 1 "incr";
    .port_info 4 /INPUT 1 "load";
    .port_info 5 /INPUT 1 "reset";
v0x62cb49434600_0 .net "clk", 0 0, v0x62cb49436660_0;  1 drivers
v0x62cb494346c0_0 .net "in", 15 0, v0x62cb49436700_0;  1 drivers
v0x62cb49434780_0 .net "incr", 0 0, v0x62cb494367c0_0;  1 drivers
v0x62cb49434850_0 .net "load", 0 0, v0x62cb49436890_0;  1 drivers
v0x62cb49434910_0 .var "out", 15 0;
v0x62cb49434a40_0 .var "reg_in", 15 0;
v0x62cb49434b00_0 .net "reg_out", 15 0, v0x62cb494343a0_0;  1 drivers
v0x62cb49434bd0_0 .net "reset", 0 0, v0x62cb49436a30_0;  1 drivers
E_0x62cb49433e60/0 .event edge, v0x62cb49434bd0_0, v0x62cb49434850_0, v0x62cb494346c0_0, v0x62cb49434780_0;
E_0x62cb49433e60/1 .event edge, v0x62cb494343a0_0;
E_0x62cb49433e60 .event/or E_0x62cb49433e60/0, E_0x62cb49433e60/1;
S_0x62cb49433ef0 .scope module, "register" "register" 6 28, 4 1 0, S_0x62cb49433c30;
 .timescale 0 0;
    .port_info 0 /INPUT 1 "clk";
    .port_info 1 /INPUT 1 "write";
    .port_info 2 /INPUT 16 "in";
    .port_info 3 /OUTPUT 16 "out";
v0x62cb494341e0_0 .net "clk", 0 0, v0x62cb49436660_0;  alias, 1 drivers
v0x62cb494342c0_0 .net "in", 15 0, v0x62cb49434a40_0;  1 drivers
v0x62cb494343a0_0 .var "out", 15 0;
L_0x79a15e06f018 .functor BUFT 1, C4<1>, C4<0>, C4<0>, C4<0>;
v0x62cb49434490_0 .net "write", 0 0, L_0x79a15e06f018;  1 drivers
E_0x62cb49434160 .event negedge, v0x62cb494341e0_0;
    .scope S_0x62cb493e8650;
T_0 ;
    %pushi/vec4 0, 0, 16;
    %store/vec4 v0x62cb494321d0_0, 0, 16;
    %end;
    .thread T_0;
    .scope S_0x62cb493e8650;
T_1 ;
    %wait E_0x62cb493769f0;
    %load/vec4 v0x62cb49432290_0;
    %flag_set/vec4 8;
    %jmp/0xz  T_1.0, 8;
    %load/vec4 v0x62cb49413c80_0;
    %assign/vec4 v0x62cb494321d0_0, 0;
T_1.0 ;
    %jmp T_1;
    .thread T_1;
    .scope S_0x62cb494323d0;
T_2 ;
    %pushi/vec4 0, 0, 16;
    %store/vec4 v0x62cb494327b0_0, 0, 16;
    %end;
    .thread T_2;
    .scope S_0x62cb494323d0;
T_3 ;
    %wait E_0x62cb494133e0;
    %load/vec4 v0x62cb49432870_0;
    %flag_set/vec4 8;
    %jmp/0xz  T_3.0, 8;
    %load/vec4 v0x62cb494326d0_0;
    %assign/vec4 v0x62cb494327b0_0, 0;
T_3.0 ;
    %jmp T_3;
    .thread T_3;
    .scope S_0x62cb494329b0;
T_4 ;
    %wait E_0x62cb49413560;
    %load/vec4 v0x62cb494338f0_0;
    %flag_set/vec4 8;
    %jmp/0 T_4.0, 8;
    %pushi/vec4 0, 0, 16;
    %jmp/1 T_4.1, 8;
T_4.0 ; End of true expr.
    %load/vec4 v0x62cb494332f0_0;
    %jmp/0 T_4.1, 8;
 ; End of false expr.
    %blend;
T_4.1;
    %assign/vec4 v0x62cb494333d0_0, 0;
    %load/vec4 v0x62cb494339b0_0;
    %flag_set/vec4 8;
    %jmp/0 T_4.2, 8;
    %pushi/vec4 0, 0, 16;
    %jmp/1 T_4.3, 8;
T_4.2 ; End of true expr.
    %load/vec4 v0x62cb49433590_0;
    %jmp/0 T_4.3, 8;
 ; End of false expr.
    %blend;
T_4.3;
    %assign/vec4 v0x62cb49433670_0, 0;
    %load/vec4 v0x62cb49432f60_0;
    %flag_set/vec4 8;
    %jmp/0 T_4.4, 8;
    %load/vec4 v0x62cb494333d0_0;
    %inv;
    %jmp/1 T_4.5, 8;
T_4.4 ; End of true expr.
    %load/vec4 v0x62cb494333d0_0;
    %jmp/0 T_4.5, 8;
 ; End of false expr.
    %blend;
T_4.5;
    %assign/vec4 v0x62cb494334b0_0, 0;
    %load/vec4 v0x62cb49433070_0;
    %flag_set/vec4 8;
    %jmp/0 T_4.6, 8;
    %load/vec4 v0x62cb49433670_0;
    %inv;
    %jmp/1 T_4.7, 8;
T_4.6 ; End of true expr.
    %load/vec4 v0x62cb49433670_0;
    %jmp/0 T_4.7, 8;
 ; End of false expr.
    %blend;
T_4.7;
    %assign/vec4 v0x62cb49433750_0, 0;
    %load/vec4 v0x62cb49432c10_0;
    %flag_set/vec4 8;
    %jmp/0 T_4.8, 8;
    %load/vec4 v0x62cb494334b0_0;
    %load/vec4 v0x62cb49433750_0;
    %add;
    %jmp/1 T_4.9, 8;
T_4.8 ; End of true expr.
    %load/vec4 v0x62cb494334b0_0;
    %load/vec4 v0x62cb49433750_0;
    %and;
    %jmp/0 T_4.9, 8;
 ; End of false expr.
    %blend;
T_4.9;
    %assign/vec4 v0x62cb49432cf0_0, 0;
    %load/vec4 v0x62cb49432ea0_0;
    %flag_set/vec4 8;
    %jmp/0 T_4.10, 8;
    %load/vec4 v0x62cb49432cf0_0;
    %inv;
    %jmp/1 T_4.11, 8;
T_4.10 ; End of true expr.
    %load/vec4 v0x62cb49432cf0_0;
    %jmp/0 T_4.11, 8;
 ; End of false expr.
    %blend;
T_4.11;
    %assign/vec4 v0x62cb49433210_0, 0;
    %load/vec4 v0x62cb49433210_0;
    %parti/s 1, 7, 4;
    %assign/vec4 v0x62cb49432dd0_0, 0;
    %load/vec4 v0x62cb49433210_0;
    %or/r;
    %inv;
    %assign/vec4 v0x62cb49433830_0, 0;
    %load/vec4 v0x62cb49433210_0;
    %assign/vec4 v0x62cb49433130_0, 0;
    %jmp T_4;
    .thread T_4, $push;
    .scope S_0x62cb49433ef0;
T_5 ;
    %pushi/vec4 0, 0, 16;
    %store/vec4 v0x62cb494343a0_0, 0, 16;
    %end;
    .thread T_5;
    .scope S_0x62cb49433ef0;
T_6 ;
    %wait E_0x62cb49434160;
    %load/vec4 v0x62cb49434490_0;
    %flag_set/vec4 8;
    %jmp/0xz  T_6.0, 8;
    %load/vec4 v0x62cb494342c0_0;
    %assign/vec4 v0x62cb494343a0_0, 0;
T_6.0 ;
    %jmp T_6;
    .thread T_6;
    .scope S_0x62cb49433c30;
T_7 ;
    %pushi/vec4 0, 0, 16;
    %store/vec4 v0x62cb49434910_0, 0, 16;
    %pushi/vec4 0, 0, 16;
    %store/vec4 v0x62cb49434a40_0, 0, 16;
    %end;
    .thread T_7;
    .scope S_0x62cb49433c30;
T_8 ;
    %wait E_0x62cb49433e60;
    %load/vec4 v0x62cb49434bd0_0;
    %flag_set/vec4 8;
    %jmp/0xz  T_8.0, 8;
    %pushi/vec4 0, 0, 16;
    %assign/vec4 v0x62cb49434a40_0, 0;
    %jmp T_8.1;
T_8.0 ;
    %load/vec4 v0x62cb49434850_0;
    %flag_set/vec4 8;
    %jmp/0xz  T_8.2, 8;
    %load/vec4 v0x62cb494346c0_0;
    %assign/vec4 v0x62cb49434a40_0, 0;
    %jmp T_8.3;
T_8.2 ;
    %load/vec4 v0x62cb49434780_0;
    %flag_set/vec4 8;
    %jmp/0xz  T_8.4, 8;
    %load/vec4 v0x62cb49434b00_0;
    %addi 1, 0, 16;
    %assign/vec4 v0x62cb49434a40_0, 0;
T_8.4 ;
T_8.3 ;
T_8.1 ;
    %load/vec4 v0x62cb49434b00_0;
    %assign/vec4 v0x62cb49434910_0, 0;
    %jmp T_8;
    .thread T_8, $push;
    .scope S_0x62cb49352f20;
T_9 ;
    %wait E_0x62cb493e45e0;
    %load/vec4 v0x62cb49435fa0_0;
    %assign/vec4 v0x62cb49434d70_0, 0;
    %load/vec4 v0x62cb49435fa0_0;
    %assign/vec4 v0x62cb49435100_0, 0;
    %load/vec4 v0x62cb49435fa0_0;
    %assign/vec4 v0x62cb49436660_0, 0;
    %load/vec4 v0x62cb494360e0_0;
    %parti/s 1, 15, 5;
    %nor/r;
    %store/vec4 v0x62cb49436400_0, 0, 1;
    %load/vec4 v0x62cb49436400_0;
    %flag_set/vec4 8;
    %jmp/0xz  T_9.0, 8;
    %load/vec4 v0x62cb494360e0_0;
    %assign/vec4 v0x62cb49434e60_0, 0;
    %jmp T_9.1;
T_9.0 ;
    %load/vec4 v0x62cb49436580_0;
    %assign/vec4 v0x62cb49434e60_0, 0;
T_9.1 ;
    %load/vec4 v0x62cb49436400_0;
    %load/vec4 v0x62cb494360e0_0;
    %parti/s 1, 5, 4;
    %or;
    %assign/vec4 v0x62cb49435030_0, 0;
    %load/vec4 v0x62cb494360e0_0;
    %parti/s 1, 15, 5;
    %load/vec4 v0x62cb494360e0_0;
    %parti/s 1, 4, 4;
    %and;
    %assign/vec4 v0x62cb49435390_0, 0;
    %load/vec4 v0x62cb49436580_0;
    %assign/vec4 v0x62cb494351f0_0, 0;
    %load/vec4 v0x62cb494355d0_0;
    %nor/r;
    %assign/vec4 v0x62cb49436ba0_0, 0;
    %load/vec4 v0x62cb49435d30_0;
    %nor/r;
    %assign/vec4 v0x62cb494364c0_0, 0;
    %load/vec4 v0x62cb49436ba0_0;
    %load/vec4 v0x62cb494364c0_0;
    %and;
    %assign/vec4 v0x62cb49436c40_0, 0;
    %load/vec4 v0x62cb494360e0_0;
    %parti/s 1, 15, 5;
    %load/vec4 v0x62cb494360e0_0;
    %parti/s 1, 0, 2;
    %and;
    %assign/vec4 v0x62cb49436220_0, 0;
    %load/vec4 v0x62cb494360e0_0;
    %parti/s 1, 15, 5;
    %load/vec4 v0x62cb494360e0_0;
    %parti/s 1, 1, 2;
    %and;
    %assign/vec4 v0x62cb49436180_0, 0;
    %load/vec4 v0x62cb494360e0_0;
    %parti/s 1, 15, 5;
    %load/vec4 v0x62cb494360e0_0;
    %parti/s 1, 2, 3;
    %and;
    %assign/vec4 v0x62cb494362c0_0, 0;
    %load/vec4 v0x62cb49436220_0;
    %load/vec4 v0x62cb49436c40_0;
    %and;
    %load/vec4 v0x62cb49436180_0;
    %load/vec4 v0x62cb49435d30_0;
    %and;
    %or;
    %load/vec4 v0x62cb494362c0_0;
    %load/vec4 v0x62cb494355d0_0;
    %and;
    %or;
    %assign/vec4 v0x62cb49436360_0, 0;
    %load/vec4 v0x62cb49434f30_0;
    %assign/vec4 v0x62cb49436700_0, 0;
    %load/vec4 v0x62cb49436360_0;
    %assign/vec4 v0x62cb49436890_0, 0;
    %load/vec4 v0x62cb49436ce0_0;
    %assign/vec4 v0x62cb49436a30_0, 0;
    %pushi/vec4 1, 0, 1;
    %assign/vec4 v0x62cb494367c0_0, 0;
    %load/vec4 v0x62cb494352c0_0;
    %assign/vec4 v0x62cb494359e0_0, 0;
    %load/vec4 v0x62cb494360e0_0;
    %parti/s 1, 15, 5;
    %load/vec4 v0x62cb494360e0_0;
    %parti/s 1, 12, 5;
    %and;
    %flag_set/vec4 8;
    %jmp/0xz  T_9.2, 8;
    %load/vec4 v0x62cb49436040_0;
    %assign/vec4 v0x62cb49435c90_0, 0;
    %jmp T_9.3;
T_9.2 ;
    %load/vec4 v0x62cb49434f30_0;
    %assign/vec4 v0x62cb49435c90_0, 0;
T_9.3 ;
    %load/vec4 v0x62cb49435c90_0;
    %assign/vec4 v0x62cb49435ab0_0, 0;
    %load/vec4 v0x62cb494360e0_0;
    %parti/s 1, 11, 5;
    %assign/vec4 v0x62cb49435e00_0, 0;
    %load/vec4 v0x62cb494360e0_0;
    %parti/s 1, 10, 5;
    %assign/vec4 v0x62cb49435770_0, 0;
    %load/vec4 v0x62cb494360e0_0;
    %parti/s 1, 9, 5;
    %assign/vec4 v0x62cb49435ed0_0, 0;
    %load/vec4 v0x62cb494360e0_0;
    %parti/s 1, 8, 5;
    %assign/vec4 v0x62cb49435840_0, 0;
    %load/vec4 v0x62cb494360e0_0;
    %parti/s 1, 7, 4;
    %assign/vec4 v0x62cb49435500_0, 0;
    %load/vec4 v0x62cb494360e0_0;
    %parti/s 1, 6, 4;
    %assign/vec4 v0x62cb494356a0_0, 0;
    %load/vec4 v0x62cb49435910_0;
    %assign/vec4 v0x62cb49436580_0, 0;
    %load/vec4 v0x62cb49436960_0;
    %assign/vec4 v0x62cb49436b00_0, 0;
    %load/vec4 v0x62cb49434f30_0;
    %assign/vec4 v0x62cb49435460_0, 0;
    %load/vec4 v0x62cb494360e0_0;
    %parti/s 1, 15, 5;
    %load/vec4 v0x62cb494360e0_0;
    %parti/s 1, 3, 3;
    %and;
    %assign/vec4 v0x62cb49436da0_0, 0;
    %jmp T_9;
    .thread T_9, $push;
    .scope S_0x62cb49352d90;
T_10 ;
    %pushi/vec4 1, 0, 1;
    %store/vec4 v0x62cb49437280_0, 0, 1;
    %pushi/vec4 0, 0, 16;
    %store/vec4 v0x62cb49437780_0, 0, 16;
    %pushi/vec4 0, 0, 16;
    %store/vec4 v0x62cb49437350_0, 0, 16;
    %pushi/vec4 0, 0, 16;
    %store/vec4 v0x62cb49437440_0, 0, 16;
    %pushi/vec4 0, 0, 1;
    %store/vec4 v0x62cb494376b0_0, 0, 1;
    %end;
    .thread T_10;
    .scope S_0x62cb49352d90;
T_11 ;
    %wait E_0x62cb493e4320;
    %load/vec4 v0x62cb49437780_0;
    %addi 1, 0, 16;
    %assign/vec4 v0x62cb49437780_0, 0;
    %jmp T_11;
    .thread T_11;
    .scope S_0x62cb49352d90;
T_12 ;
    %delay 1, 0;
    %load/vec4 v0x62cb49437280_0;
    %nor/r;
    %store/vec4 v0x62cb49437280_0, 0, 1;
    %delay 0, 0;
    %pushi/vec4 0, 0, 16;
    %store/vec4 v0x62cb49437350_0, 0, 16;
    %delay 0, 0;
    %pushi/vec4 12345, 0, 16;
    %store/vec4 v0x62cb49437440_0, 0, 16;
    %delay 0, 0;
    %pushi/vec4 0, 0, 1;
    %store/vec4 v0x62cb494376b0_0, 0, 1;
    %delay 1, 0;
    %load/vec4 v0x62cb49437280_0;
    %nor/r;
    %store/vec4 v0x62cb49437280_0, 0, 1;
    %delay 0, 0;
    %pushi/vec4 0, 0, 16;
    %store/vec4 v0x62cb49437350_0, 0, 16;
    %delay 0, 0;
    %pushi/vec4 12345, 0, 16;
    %store/vec4 v0x62cb49437440_0, 0, 16;
    %delay 0, 0;
    %pushi/vec4 0, 0, 1;
    %store/vec4 v0x62cb494376b0_0, 0, 1;
    %delay 1, 0;
    %load/vec4 v0x62cb49437280_0;
    %nor/r;
    %store/vec4 v0x62cb49437280_0, 0, 1;
    %delay 0, 0;
    %pushi/vec4 0, 0, 16;
    %store/vec4 v0x62cb49437350_0, 0, 16;
    %delay 0, 0;
    %pushi/vec4 60432, 0, 16;
    %store/vec4 v0x62cb49437440_0, 0, 16;
    %delay 0, 0;
    %pushi/vec4 0, 0, 1;
    %store/vec4 v0x62cb494376b0_0, 0, 1;
    %delay 1, 0;
    %load/vec4 v0x62cb49437280_0;
    %nor/r;
    %store/vec4 v0x62cb49437280_0, 0, 1;
    %delay 0, 0;
    %pushi/vec4 0, 0, 16;
    %store/vec4 v0x62cb49437350_0, 0, 16;
    %delay 0, 0;
    %pushi/vec4 60432, 0, 16;
    %store/vec4 v0x62cb49437440_0, 0, 16;
    %delay 0, 0;
    %pushi/vec4 0, 0, 1;
    %store/vec4 v0x62cb494376b0_0, 0, 1;
    %delay 1, 0;
    %load/vec4 v0x62cb49437280_0;
    %nor/r;
    %store/vec4 v0x62cb49437280_0, 0, 1;
    %delay 0, 0;
    %pushi/vec4 0, 0, 16;
    %store/vec4 v0x62cb49437350_0, 0, 16;
    %delay 0, 0;
    %pushi/vec4 23456, 0, 16;
    %store/vec4 v0x62cb49437440_0, 0, 16;
    %delay 0, 0;
    %pushi/vec4 0, 0, 1;
    %store/vec4 v0x62cb494376b0_0, 0, 1;
    %delay 1, 0;
    %load/vec4 v0x62cb49437280_0;
    %nor/r;
    %store/vec4 v0x62cb49437280_0, 0, 1;
    %delay 0, 0;
    %pushi/vec4 0, 0, 16;
    %store/vec4 v0x62cb49437350_0, 0, 16;
    %delay 0, 0;
    %pushi/vec4 23456, 0, 16;
    %store/vec4 v0x62cb49437440_0, 0, 16;
    %delay 0, 0;
    %pushi/vec4 0, 0, 1;
    %store/vec4 v0x62cb494376b0_0, 0, 1;
    %delay 1, 0;
    %load/vec4 v0x62cb49437280_0;
    %nor/r;
    %store/vec4 v0x62cb49437280_0, 0, 1;
    %delay 0, 0;
    %pushi/vec4 0, 0, 16;
    %store/vec4 v0x62cb49437350_0, 0, 16;
    %delay 0, 0;
    %pushi/vec4 57840, 0, 16;
    %store/vec4 v0x62cb49437440_0, 0, 16;
    %delay 0, 0;
    %pushi/vec4 0, 0, 1;
    %store/vec4 v0x62cb494376b0_0, 0, 1;
    %delay 1, 0;
    %load/vec4 v0x62cb49437280_0;
    %nor/r;
    %store/vec4 v0x62cb49437280_0, 0, 1;
    %delay 0, 0;
    %pushi/vec4 0, 0, 16;
    %store/vec4 v0x62cb49437350_0, 0, 16;
    %delay 0, 0;
    %pushi/vec4 57840, 0, 16;
    %store/vec4 v0x62cb49437440_0, 0, 16;
    %delay 0, 0;
    %pushi/vec4 0, 0, 1;
    %store/vec4 v0x62cb494376b0_0, 0, 1;
    %delay 1, 0;
    %load/vec4 v0x62cb49437280_0;
    %nor/r;
    %store/vec4 v0x62cb49437280_0, 0, 1;
    %delay 0, 0;
    %pushi/vec4 0, 0, 16;
    %store/vec4 v0x62cb49437350_0, 0, 16;
    %delay 0, 0;
    %pushi/vec4 1003, 0, 16;
    %store/vec4 v0x62cb49437440_0, 0, 16;
    %delay 0, 0;
    %pushi/vec4 0, 0, 1;
    %store/vec4 v0x62cb494376b0_0, 0, 1;
    %delay 1, 0;
    %load/vec4 v0x62cb49437280_0;
    %nor/r;
    %store/vec4 v0x62cb49437280_0, 0, 1;
    %delay 0, 0;
    %pushi/vec4 0, 0, 16;
    %store/vec4 v0x62cb49437350_0, 0, 16;
    %delay 0, 0;
    %pushi/vec4 1003, 0, 16;
    %store/vec4 v0x62cb49437440_0, 0, 16;
    %delay 0, 0;
    %pushi/vec4 0, 0, 1;
    %store/vec4 v0x62cb494376b0_0, 0, 1;
    %delay 1, 0;
    %load/vec4 v0x62cb49437280_0;
    %nor/r;
    %store/vec4 v0x62cb49437280_0, 0, 1;
    %delay 0, 0;
    %pushi/vec4 0, 0, 16;
    %store/vec4 v0x62cb49437350_0, 0, 16;
    %delay 0, 0;
    %pushi/vec4 58120, 0, 16;
    %store/vec4 v0x62cb49437440_0, 0, 16;
    %delay 0, 0;
    %pushi/vec4 0, 0, 1;
    %store/vec4 v0x62cb494376b0_0, 0, 1;
    %delay 1, 0;
    %load/vec4 v0x62cb49437280_0;
    %nor/r;
    %store/vec4 v0x62cb49437280_0, 0, 1;
    %delay 0, 0;
    %pushi/vec4 0, 0, 16;
    %store/vec4 v0x62cb49437350_0, 0, 16;
    %delay 0, 0;
    %pushi/vec4 58120, 0, 16;
    %store/vec4 v0x62cb49437440_0, 0, 16;
    %delay 0, 0;
    %pushi/vec4 0, 0, 1;
    %store/vec4 v0x62cb494376b0_0, 0, 1;
    %delay 1, 0;
    %load/vec4 v0x62cb49437280_0;
    %nor/r;
    %store/vec4 v0x62cb49437280_0, 0, 1;
    %delay 0, 0;
    %pushi/vec4 0, 0, 16;
    %store/vec4 v0x62cb49437350_0, 0, 16;
    %delay 0, 0;
    %pushi/vec4 1004, 0, 16;
    %store/vec4 v0x62cb49437440_0, 0, 16;
    %delay 0, 0;
    %pushi/vec4 0, 0, 1;
    %store/vec4 v0x62cb494376b0_0, 0, 1;
    %delay 1, 0;
    %load/vec4 v0x62cb49437280_0;
    %nor/r;
    %store/vec4 v0x62cb49437280_0, 0, 1;
    %delay 0, 0;
    %pushi/vec4 0, 0, 16;
    %store/vec4 v0x62cb49437350_0, 0, 16;
    %delay 0, 0;
    %pushi/vec4 1004, 0, 16;
    %store/vec4 v0x62cb49437440_0, 0, 16;
    %delay 0, 0;
    %pushi/vec4 0, 0, 1;
    %store/vec4 v0x62cb494376b0_0, 0, 1;
    %delay 1, 0;
    %load/vec4 v0x62cb49437280_0;
    %nor/r;
    %store/vec4 v0x62cb49437280_0, 0, 1;
    %delay 0, 0;
    %pushi/vec4 0, 0, 16;
    %store/vec4 v0x62cb49437350_0, 0, 16;
    %delay 0, 0;
    %pushi/vec4 58264, 0, 16;
    %store/vec4 v0x62cb49437440_0, 0, 16;
    %delay 0, 0;
    %pushi/vec4 0, 0, 1;
    %store/vec4 v0x62cb494376b0_0, 0, 1;
    %delay 1, 0;
    %load/vec4 v0x62cb49437280_0;
    %nor/r;
    %store/vec4 v0x62cb49437280_0, 0, 1;
    %delay 0, 0;
    %pushi/vec4 0, 0, 16;
    %store/vec4 v0x62cb49437350_0, 0, 16;
    %delay 0, 0;
    %pushi/vec4 58264, 0, 16;
    %store/vec4 v0x62cb49437440_0, 0, 16;
    %delay 0, 0;
    %pushi/vec4 0, 0, 1;
    %store/vec4 v0x62cb494376b0_0, 0, 1;
    %delay 1, 0;
    %load/vec4 v0x62cb49437280_0;
    %nor/r;
    %store/vec4 v0x62cb49437280_0, 0, 1;
    %delay 0, 0;
    %pushi/vec4 0, 0, 16;
    %store/vec4 v0x62cb49437350_0, 0, 16;
    %delay 0, 0;
    %pushi/vec4 1000, 0, 16;
    %store/vec4 v0x62cb49437440_0, 0, 16;
    %delay 0, 0;
    %pushi/vec4 0, 0, 1;
    %store/vec4 v0x62cb494376b0_0, 0, 1;
    %delay 1, 0;
    %load/vec4 v0x62cb49437280_0;
    %nor/r;
    %store/vec4 v0x62cb49437280_0, 0, 1;
    %delay 0, 0;
    %pushi/vec4 0, 0, 16;
    %store/vec4 v0x62cb49437350_0, 0, 16;
    %delay 0, 0;
    %pushi/vec4 1000, 0, 16;
    %store/vec4 v0x62cb49437440_0, 0, 16;
    %delay 0, 0;
    %pushi/vec4 0, 0, 1;
    %store/vec4 v0x62cb494376b0_0, 0, 1;
    %delay 1, 0;
    %load/vec4 v0x62cb49437280_0;
    %nor/r;
    %store/vec4 v0x62cb49437280_0, 0, 1;
    %delay 0, 0;
    %pushi/vec4 11111, 0, 16;
    %store/vec4 v0x62cb49437350_0, 0, 16;
    %delay 0, 0;
    %pushi/vec4 62704, 0, 16;
    %store/vec4 v0x62cb49437440_0, 0, 16;
    %delay 0, 0;
    %pushi/vec4 0, 0, 1;
    %store/vec4 v0x62cb494376b0_0, 0, 1;
    %delay 1, 0;
    %load/vec4 v0x62cb49437280_0;
    %nor/r;
    %store/vec4 v0x62cb49437280_0, 0, 1;
    %delay 0, 0;
    %pushi/vec4 11111, 0, 16;
    %store/vec4 v0x62cb49437350_0, 0, 16;
    %delay 0, 0;
    %pushi/vec4 62704, 0, 16;
    %store/vec4 v0x62cb49437440_0, 0, 16;
    %delay 0, 0;
    %pushi/vec4 0, 0, 1;
    %store/vec4 v0x62cb494376b0_0, 0, 1;
    %delay 1, 0;
    %load/vec4 v0x62cb49437280_0;
    %nor/r;
    %store/vec4 v0x62cb49437280_0, 0, 1;
    %delay 0, 0;
    %pushi/vec4 11111, 0, 16;
    %store/vec4 v0x62cb49437350_0, 0, 16;
    %delay 0, 0;
    %pushi/vec4 14, 0, 16;
    %store/vec4 v0x62cb49437440_0, 0, 16;
    %delay 0, 0;
    %pushi/vec4 0, 0, 1;
    %store/vec4 v0x62cb494376b0_0, 0, 1;
    %delay 1, 0;
    %load/vec4 v0x62cb49437280_0;
    %nor/r;
    %store/vec4 v0x62cb49437280_0, 0, 1;
    %delay 0, 0;
    %pushi/vec4 11111, 0, 16;
    %store/vec4 v0x62cb49437350_0, 0, 16;
    %delay 0, 0;
    %pushi/vec4 14, 0, 16;
    %store/vec4 v0x62cb49437440_0, 0, 16;
    %delay 0, 0;
    %pushi/vec4 0, 0, 1;
    %store/vec4 v0x62cb494376b0_0, 0, 1;
    %delay 1, 0;
    %load/vec4 v0x62cb49437280_0;
    %nor/r;
    %store/vec4 v0x62cb49437280_0, 0, 1;
    %delay 0, 0;
    %pushi/vec4 11111, 0, 16;
    %store/vec4 v0x62cb49437350_0, 0, 16;
    %delay 0, 0;
    %pushi/vec4 58116, 0, 16;
    %store/vec4 v0x62cb49437440_0, 0, 16;
    %delay 0, 0;
    %pushi/vec4 0, 0, 1;
    %store/vec4 v0x62cb494376b0_0, 0, 1;
    %delay 1, 0;
    %load/vec4 v0x62cb49437280_0;
    %nor/r;
    %store/vec4 v0x62cb49437280_0, 0, 1;
    %delay 0, 0;
    %pushi/vec4 11111, 0, 16;
    %store/vec4 v0x62cb49437350_0, 0, 16;
    %delay 0, 0;
    %pushi/vec4 58116, 0, 16;
    %store/vec4 v0x62cb49437440_0, 0, 16;
    %delay 0, 0;
    %pushi/vec4 0, 0, 1;
    %store/vec4 v0x62cb494376b0_0, 0, 1;
    %delay 1, 0;
    %load/vec4 v0x62cb49437280_0;
    %nor/r;
    %store/vec4 v0x62cb49437280_0, 0, 1;
    %delay 0, 0;
    %pushi/vec4 11111, 0, 16;
    %store/vec4 v0x62cb49437350_0, 0, 16;
    %delay 0, 0;
    %pushi/vec4 999, 0, 16;
    %store/vec4 v0x62cb49437440_0, 0, 16;
    %delay 0, 0;
    %pushi/vec4 0, 0, 1;
    %store/vec4 v0x62cb494376b0_0, 0, 1;
    %delay 1, 0;
    %load/vec4 v0x62cb49437280_0;
    %nor/r;
    %store/vec4 v0x62cb49437280_0, 0, 1;
    %delay 0, 0;
    %pushi/vec4 11111, 0, 16;
    %store/vec4 v0x62cb49437350_0, 0, 16;
    %delay 0, 0;
    %pushi/vec4 999, 0, 16;
    %store/vec4 v0x62cb49437440_0, 0, 16;
    %delay 0, 0;
    %pushi/vec4 0, 0, 1;
    %store/vec4 v0x62cb494376b0_0, 0, 1;
    %delay 1, 0;
    %load/vec4 v0x62cb49437280_0;
    %nor/r;
    %store/vec4 v0x62cb49437280_0, 0, 1;
    %delay 0, 0;
    %pushi/vec4 11111, 0, 16;
    %store/vec4 v0x62cb49437350_0, 0, 16;
    %delay 0, 0;
    %pushi/vec4 64992, 0, 16;
    %store/vec4 v0x62cb49437440_0, 0, 16;
    %delay 0, 0;
    %pushi/vec4 0, 0, 1;
    %store/vec4 v0x62cb494376b0_0, 0, 1;
    %delay 1, 0;
    %load/vec4 v0x62cb49437280_0;
    %nor/r;
    %store/vec4 v0x62cb49437280_0, 0, 1;
    %delay 0, 0;
    %pushi/vec4 11111, 0, 16;
    %store/vec4 v0x62cb49437350_0, 0, 16;
    %delay 0, 0;
    %pushi/vec4 64992, 0, 16;
    %store/vec4 v0x62cb49437440_0, 0, 16;
    %delay 0, 0;
    %pushi/vec4 0, 0, 1;
    %store/vec4 v0x62cb494376b0_0, 0, 1;
    %delay 1, 0;
    %load/vec4 v0x62cb49437280_0;
    %nor/r;
    %store/vec4 v0x62cb49437280_0, 0, 1;
    %delay 0, 0;
    %pushi/vec4 11111, 0, 16;
    %store/vec4 v0x62cb49437350_0, 0, 16;
    %delay 0, 0;
    %pushi/vec4 58152, 0, 16;
    %store/vec4 v0x62cb49437440_0, 0, 16;
    %delay 0, 0;
    %pushi/vec4 0, 0, 1;
    %store/vec4 v0x62cb494376b0_0, 0, 1;
    %delay 1, 0;
    %load/vec4 v0x62cb49437280_0;
    %nor/r;
    %store/vec4 v0x62cb49437280_0, 0, 1;
    %delay 0, 0;
    %pushi/vec4 11111, 0, 16;
    %store/vec4 v0x62cb49437350_0, 0, 16;
    %delay 0, 0;
    %pushi/vec4 58152, 0, 16;
    %store/vec4 v0x62cb49437440_0, 0, 16;
    %delay 0, 0;
    %pushi/vec4 0, 0, 1;
    %store/vec4 v0x62cb494376b0_0, 0, 1;
    %delay 1, 0;
    %load/vec4 v0x62cb49437280_0;
    %nor/r;
    %store/vec4 v0x62cb49437280_0, 0, 1;
    %delay 0, 0;
    %pushi/vec4 11111, 0, 16;
    %store/vec4 v0x62cb49437350_0, 0, 16;
    %delay 0, 0;
    %pushi/vec4 21, 0, 16;
    %store/vec4 v0x62cb49437440_0, 0, 16;
    %delay 0, 0;
    %pushi/vec4 0, 0, 1;
    %store/vec4 v0x62cb494376b0_0, 0, 1;
    %delay 1, 0;
    %load/vec4 v0x62cb49437280_0;
    %nor/r;
    %store/vec4 v0x62cb49437280_0, 0, 1;
    %delay 0, 0;
    %pushi/vec4 11111, 0, 16;
    %store/vec4 v0x62cb49437350_0, 0, 16;
    %delay 0, 0;
    %pushi/vec4 21, 0, 16;
    %store/vec4 v0x62cb49437440_0, 0, 16;
    %delay 0, 0;
    %pushi/vec4 0, 0, 1;
    %store/vec4 v0x62cb494376b0_0, 0, 1;
    %delay 1, 0;
    %load/vec4 v0x62cb49437280_0;
    %nor/r;
    %store/vec4 v0x62cb49437280_0, 0, 1;
    %delay 0, 0;
    %pushi/vec4 11111, 0, 16;
    %store/vec4 v0x62cb49437350_0, 0, 16;
    %delay 0, 0;
    %pushi/vec4 59330, 0, 16;
    %store/vec4 v0x62cb49437440_0, 0, 16;
    %delay 0, 0;
    %pushi/vec4 0, 0, 1;
    %store/vec4 v0x62cb494376b0_0, 0, 1;
    %delay 1, 0;
    %load/vec4 v0x62cb49437280_0;
    %nor/r;
    %store/vec4 v0x62cb49437280_0, 0, 1;
    %delay 0, 0;
    %pushi/vec4 11111, 0, 16;
    %store/vec4 v0x62cb49437350_0, 0, 16;
    %delay 0, 0;
    %pushi/vec4 59330, 0, 16;
    %store/vec4 v0x62cb49437440_0, 0, 16;
    %delay 0, 0;
    %pushi/vec4 0, 0, 1;
    %store/vec4 v0x62cb494376b0_0, 0, 1;
    %delay 1, 0;
    %load/vec4 v0x62cb49437280_0;
    %nor/r;
    %store/vec4 v0x62cb49437280_0, 0, 1;
    %delay 0, 0;
    %pushi/vec4 11111, 0, 16;
    %store/vec4 v0x62cb49437350_0, 0, 16;
    %delay 0, 0;
    %pushi/vec4 2, 0, 16;
    %store/vec4 v0x62cb49437440_0, 0, 16;
    %delay 0, 0;
    %pushi/vec4 0, 0, 1;
    %store/vec4 v0x62cb494376b0_0, 0, 1;
    %delay 1, 0;
    %load/vec4 v0x62cb49437280_0;
    %nor/r;
    %store/vec4 v0x62cb49437280_0, 0, 1;
    %delay 0, 0;
    %pushi/vec4 11111, 0, 16;
    %store/vec4 v0x62cb49437350_0, 0, 16;
    %delay 0, 0;
    %pushi/vec4 2, 0, 16;
    %store/vec4 v0x62cb49437440_0, 0, 16;
    %delay 0, 0;
    %pushi/vec4 0, 0, 1;
    %store/vec4 v0x62cb494376b0_0, 0, 1;
    %delay 1, 0;
    %load/vec4 v0x62cb49437280_0;
    %nor/r;
    %store/vec4 v0x62cb49437280_0, 0, 1;
    %delay 0, 0;
    %pushi/vec4 11111, 0, 16;
    %store/vec4 v0x62cb49437350_0, 0, 16;
    %delay 0, 0;
    %pushi/vec4 57528, 0, 16;
    %store/vec4 v0x62cb49437440_0, 0, 16;
    %delay 0, 0;
    %pushi/vec4 0, 0, 1;
    %store/vec4 v0x62cb494376b0_0, 0, 1;
    %delay 1, 0;
    %load/vec4 v0x62cb49437280_0;
    %nor/r;
    %store/vec4 v0x62cb49437280_0, 0, 1;
    %delay 0, 0;
    %pushi/vec4 11111, 0, 16;
    %store/vec4 v0x62cb49437350_0, 0, 16;
    %delay 0, 0;
    %pushi/vec4 57528, 0, 16;
    %store/vec4 v0x62cb49437440_0, 0, 16;
    %delay 0, 0;
    %pushi/vec4 0, 0, 1;
    %store/vec4 v0x62cb494376b0_0, 0, 1;
    %delay 1, 0;
    %load/vec4 v0x62cb49437280_0;
    %nor/r;
    %store/vec4 v0x62cb49437280_0, 0, 1;
    %delay 0, 0;
    %pushi/vec4 11111, 0, 16;
    %store/vec4 v0x62cb49437350_0, 0, 16;
    %delay 0, 0;
    %pushi/vec4 64968, 0, 16;
    %store/vec4 v0x62cb49437440_0, 0, 16;
    %delay 0, 0;
    %pushi/vec4 0, 0, 1;
    %store/vec4 v0x62cb494376b0_0, 0, 1;
    %delay 1, 0;
    %load/vec4 v0x62cb49437280_0;
    %nor/r;
    %store/vec4 v0x62cb49437280_0, 0, 1;
    %delay 0, 0;
    %pushi/vec4 11111, 0, 16;
    %store/vec4 v0x62cb49437350_0, 0, 16;
    %delay 0, 0;
    %pushi/vec4 64968, 0, 16;
    %store/vec4 v0x62cb49437440_0, 0, 16;
    %delay 0, 0;
    %pushi/vec4 0, 0, 1;
    %store/vec4 v0x62cb494376b0_0, 0, 1;
    %delay 1, 0;
    %load/vec4 v0x62cb49437280_0;
    %nor/r;
    %store/vec4 v0x62cb49437280_0, 0, 1;
    %delay 0, 0;
    %pushi/vec4 11111, 0, 16;
    %store/vec4 v0x62cb49437350_0, 0, 16;
    %delay 0, 0;
    %pushi/vec4 64680, 0, 16;
    %store/vec4 v0x62cb49437440_0, 0, 16;
    %delay 0, 0;
    %pushi/vec4 0, 0, 1;
    %store/vec4 v0x62cb494376b0_0, 0, 1;
    %delay 1, 0;
    %load/vec4 v0x62cb49437280_0;
    %nor/r;
    %store/vec4 v0x62cb49437280_0, 0, 1;
    %delay 0, 0;
    %pushi/vec4 11111, 0, 16;
    %store/vec4 v0x62cb49437350_0, 0, 16;
    %delay 0, 0;
    %pushi/vec4 64680, 0, 16;
    %store/vec4 v0x62cb49437440_0, 0, 16;
    %delay 0, 0;
    %pushi/vec4 0, 0, 1;
    %store/vec4 v0x62cb494376b0_0, 0, 1;
    %delay 1, 0;
    %load/vec4 v0x62cb49437280_0;
    %nor/r;
    %store/vec4 v0x62cb49437280_0, 0, 1;
    %delay 0, 0;
    %pushi/vec4 11111, 0, 16;
    %store/vec4 v0x62cb49437350_0, 0, 16;
    %delay 0, 0;
    %pushi/vec4 1000, 0, 16;
    %store/vec4 v0x62cb49437440_0, 0, 16;
    %delay 0, 0;
    %pushi/vec4 0, 0, 1;
    %store/vec4 v0x62cb494376b0_0, 0, 1;
    %delay 1, 0;
    %load/vec4 v0x62cb49437280_0;
    %nor/r;
    %store/vec4 v0x62cb49437280_0, 0, 1;
    %delay 0, 0;
    %pushi/vec4 11111, 0, 16;
    %store/vec4 v0x62cb49437350_0, 0, 16;
    %delay 0, 0;
    %pushi/vec4 1000, 0, 16;
    %store/vec4 v0x62cb49437440_0, 0, 16;
    %delay 0, 0;
    %pushi/vec4 0, 0, 1;
    %store/vec4 v0x62cb494376b0_0, 0, 1;
    %delay 1, 0;
    %load/vec4 v0x62cb49437280_0;
    %nor/r;
    %store/vec4 v0x62cb49437280_0, 0, 1;
    %delay 0, 0;
    %pushi/vec4 11111, 0, 16;
    %store/vec4 v0x62cb49437350_0, 0, 16;
    %delay 0, 0;
    %pushi/vec4 61072, 0, 16;
    %store/vec4 v0x62cb49437440_0, 0, 16;
    %delay 0, 0;
    %pushi/vec4 0, 0, 1;
    %store/vec4 v0x62cb494376b0_0, 0, 1;
    %delay 1, 0;
    %load/vec4 v0x62cb49437280_0;
    %nor/r;
    %store/vec4 v0x62cb49437280_0, 0, 1;
    %delay 0, 0;
    %pushi/vec4 11111, 0, 16;
    %store/vec4 v0x62cb49437350_0, 0, 16;
    %delay 0, 0;
    %pushi/vec4 61072, 0, 16;
    %store/vec4 v0x62cb49437440_0, 0, 16;
    %delay 0, 0;
    %pushi/vec4 0, 0, 1;
    %store/vec4 v0x62cb494376b0_0, 0, 1;
    %delay 1, 0;
    %load/vec4 v0x62cb49437280_0;
    %nor/r;
    %store/vec4 v0x62cb49437280_0, 0, 1;
    %delay 0, 0;
    %pushi/vec4 11111, 0, 16;
    %store/vec4 v0x62cb49437350_0, 0, 16;
    %delay 0, 0;
    %pushi/vec4 58113, 0, 16;
    %store/vec4 v0x62cb49437440_0, 0, 16;
    %delay 0, 0;
    %pushi/vec4 0, 0, 1;
    %store/vec4 v0x62cb494376b0_0, 0, 1;
    %delay 1, 0;
    %load/vec4 v0x62cb49437280_0;
    %nor/r;
    %store/vec4 v0x62cb49437280_0, 0, 1;
    %delay 0, 0;
    %pushi/vec4 11111, 0, 16;
    %store/vec4 v0x62cb49437350_0, 0, 16;
    %delay 0, 0;
    %pushi/vec4 58113, 0, 16;
    %store/vec4 v0x62cb49437440_0, 0, 16;
    %delay 0, 0;
    %pushi/vec4 0, 0, 1;
    %store/vec4 v0x62cb494376b0_0, 0, 1;
    %delay 1, 0;
    %load/vec4 v0x62cb49437280_0;
    %nor/r;
    %store/vec4 v0x62cb49437280_0, 0, 1;
    %delay 0, 0;
    %pushi/vec4 11111, 0, 16;
    %store/vec4 v0x62cb49437350_0, 0, 16;
    %delay 0, 0;
    %pushi/vec4 58114, 0, 16;
    %store/vec4 v0x62cb49437440_0, 0, 16;
    %delay 0, 0;
    %pushi/vec4 0, 0, 1;
    %store/vec4 v0x62cb494376b0_0, 0, 1;
    %delay 1, 0;
    %load/vec4 v0x62cb49437280_0;
    %nor/r;
    %store/vec4 v0x62cb49437280_0, 0, 1;
    %delay 0, 0;
    %pushi/vec4 11111, 0, 16;
    %store/vec4 v0x62cb49437350_0, 0, 16;
    %delay 0, 0;
    %pushi/vec4 58114, 0, 16;
    %store/vec4 v0x62cb49437440_0, 0, 16;
    %delay 0, 0;
    %pushi/vec4 0, 0, 1;
    %store/vec4 v0x62cb494376b0_0, 0, 1;
    %delay 1, 0;
    %load/vec4 v0x62cb49437280_0;
    %nor/r;
    %store/vec4 v0x62cb49437280_0, 0, 1;
    %delay 0, 0;
    %pushi/vec4 11111, 0, 16;
    %store/vec4 v0x62cb49437350_0, 0, 16;
    %delay 0, 0;
    %pushi/vec4 58115, 0, 16;
    %store/vec4 v0x62cb49437440_0, 0, 16;
    %delay 0, 0;
    %pushi/vec4 0, 0, 1;
    %store/vec4 v0x62cb494376b0_0, 0, 1;
    %delay 1, 0;
    %load/vec4 v0x62cb49437280_0;
    %nor/r;
    %store/vec4 v0x62cb49437280_0, 0, 1;
    %delay 0, 0;
    %pushi/vec4 11111, 0, 16;
    %store/vec4 v0x62cb49437350_0, 0, 16;
    %delay 0, 0;
    %pushi/vec4 58115, 0, 16;
    %store/vec4 v0x62cb49437440_0, 0, 16;
    %delay 0, 0;
    %pushi/vec4 0, 0, 1;
    %store/vec4 v0x62cb494376b0_0, 0, 1;
    %delay 1, 0;
    %load/vec4 v0x62cb49437280_0;
    %nor/r;
    %store/vec4 v0x62cb49437280_0, 0, 1;
    %delay 0, 0;
    %pushi/vec4 11111, 0, 16;
    %store/vec4 v0x62cb49437350_0, 0, 16;
    %delay 0, 0;
    %pushi/vec4 58116, 0, 16;
    %store/vec4 v0x62cb49437440_0, 0, 16;
    %delay 0, 0;
    %pushi/vec4 0, 0, 1;
    %store/vec4 v0x62cb494376b0_0, 0, 1;
    %delay 1, 0;
    %load/vec4 v0x62cb49437280_0;
    %nor/r;
    %store/vec4 v0x62cb49437280_0, 0, 1;
    %delay 0, 0;
    %pushi/vec4 11111, 0, 16;
    %store/vec4 v0x62cb49437350_0, 0, 16;
    %delay 0, 0;
    %pushi/vec4 58116, 0, 16;
    %store/vec4 v0x62cb49437440_0, 0, 16;
    %delay 0, 0;
    %pushi/vec4 0, 0, 1;
    %store/vec4 v0x62cb494376b0_0, 0, 1;
    %delay 1, 0;
    %load/vec4 v0x62cb49437280_0;
    %nor/r;
    %store/vec4 v0x62cb49437280_0, 0, 1;
    %delay 0, 0;
    %pushi/vec4 11111, 0, 16;
    %store/vec4 v0x62cb49437350_0, 0, 16;
    %delay 0, 0;
    %pushi/vec4 58117, 0, 16;
    %store/vec4 v0x62cb49437440_0, 0, 16;
    %delay 0, 0;
    %pushi/vec4 0, 0, 1;
    %store/vec4 v0x62cb494376b0_0, 0, 1;
    %delay 1, 0;
    %load/vec4 v0x62cb49437280_0;
    %nor/r;
    %store/vec4 v0x62cb49437280_0, 0, 1;
    %delay 0, 0;
    %pushi/vec4 11111, 0, 16;
    %store/vec4 v0x62cb49437350_0, 0, 16;
    %delay 0, 0;
    %pushi/vec4 58117, 0, 16;
    %store/vec4 v0x62cb49437440_0, 0, 16;
    %delay 0, 0;
    %pushi/vec4 0, 0, 1;
    %store/vec4 v0x62cb494376b0_0, 0, 1;
    %delay 1, 0;
    %load/vec4 v0x62cb49437280_0;
    %nor/r;
    %store/vec4 v0x62cb49437280_0, 0, 1;
    %delay 0, 0;
    %pushi/vec4 11111, 0, 16;
    %store/vec4 v0x62cb49437350_0, 0, 16;
    %delay 0, 0;
    %pushi/vec4 58118, 0, 16;
    %store/vec4 v0x62cb49437440_0, 0, 16;
    %delay 0, 0;
    %pushi/vec4 0, 0, 1;
    %store/vec4 v0x62cb494376b0_0, 0, 1;
    %delay 1, 0;
    %load/vec4 v0x62cb49437280_0;
    %nor/r;
    %store/vec4 v0x62cb49437280_0, 0, 1;
    %delay 0, 0;
    %pushi/vec4 11111, 0, 16;
    %store/vec4 v0x62cb49437350_0, 0, 16;
    %delay 0, 0;
    %pushi/vec4 58118, 0, 16;
    %store/vec4 v0x62cb49437440_0, 0, 16;
    %delay 0, 0;
    %pushi/vec4 0, 0, 1;
    %store/vec4 v0x62cb494376b0_0, 0, 1;
    %delay 1, 0;
    %load/vec4 v0x62cb49437280_0;
    %nor/r;
    %store/vec4 v0x62cb49437280_0, 0, 1;
    %delay 0, 0;
    %pushi/vec4 11111, 0, 16;
    %store/vec4 v0x62cb49437350_0, 0, 16;
    %delay 0, 0;
    %pushi/vec4 58119, 0, 16;
    %store/vec4 v0x62cb49437440_0, 0, 16;
    %delay 0, 0;
    %pushi/vec4 0, 0, 1;
    %store/vec4 v0x62cb494376b0_0, 0, 1;
    %delay 1, 0;
    %load/vec4 v0x62cb49437280_0;
    %nor/r;
    %store/vec4 v0x62cb49437280_0, 0, 1;
    %delay 0, 0;
    %pushi/vec4 11111, 0, 16;
    %store/vec4 v0x62cb49437350_0, 0, 16;
    %delay 0, 0;
    %pushi/vec4 58119, 0, 16;
    %store/vec4 v0x62cb49437440_0, 0, 16;
    %delay 0, 0;
    %pushi/vec4 0, 0, 1;
    %store/vec4 v0x62cb494376b0_0, 0, 1;
    %delay 1, 0;
    %load/vec4 v0x62cb49437280_0;
    %nor/r;
    %store/vec4 v0x62cb49437280_0, 0, 1;
    %delay 0, 0;
    %pushi/vec4 11111, 0, 16;
    %store/vec4 v0x62cb49437350_0, 0, 16;
    %delay 0, 0;
    %pushi/vec4 60048, 0, 16;
    %store/vec4 v0x62cb49437440_0, 0, 16;
    %delay 0, 0;
    %pushi/vec4 0, 0, 1;
    %store/vec4 v0x62cb494376b0_0, 0, 1;
    %delay 1, 0;
    %load/vec4 v0x62cb49437280_0;
    %nor/r;
    %store/vec4 v0x62cb49437280_0, 0, 1;
    %delay 0, 0;
    %pushi/vec4 11111, 0, 16;
    %store/vec4 v0x62cb49437350_0, 0, 16;
    %delay 0, 0;
    %pushi/vec4 60048, 0, 16;
    %store/vec4 v0x62cb49437440_0, 0, 16;
    %delay 0, 0;
    %pushi/vec4 0, 0, 1;
    %store/vec4 v0x62cb494376b0_0, 0, 1;
    %delay 1, 0;
    %load/vec4 v0x62cb49437280_0;
    %nor/r;
    %store/vec4 v0x62cb49437280_0, 0, 1;
    %delay 0, 0;
    %pushi/vec4 11111, 0, 16;
    %store/vec4 v0x62cb49437350_0, 0, 16;
    %delay 0, 0;
    %pushi/vec4 58113, 0, 16;
    %store/vec4 v0x62cb49437440_0, 0, 16;
    %delay 0, 0;
    %pushi/vec4 0, 0, 1;
    %store/vec4 v0x62cb494376b0_0, 0, 1;
    %delay 1, 0;
    %load/vec4 v0x62cb49437280_0;
    %nor/r;
    %store/vec4 v0x62cb49437280_0, 0, 1;
    %delay 0, 0;
    %pushi/vec4 11111, 0, 16;
    %store/vec4 v0x62cb49437350_0, 0, 16;
    %delay 0, 0;
    %pushi/vec4 58113, 0, 16;
    %store/vec4 v0x62cb49437440_0, 0, 16;
    %delay 0, 0;
    %pushi/vec4 0, 0, 1;
    %store/vec4 v0x62cb494376b0_0, 0, 1;
    %delay 1, 0;
    %load/vec4 v0x62cb49437280_0;
    %nor/r;
    %store/vec4 v0x62cb49437280_0, 0, 1;
    %delay 0, 0;
    %pushi/vec4 11111, 0, 16;
    %store/vec4 v0x62cb49437350_0, 0, 16;
    %delay 0, 0;
    %pushi/vec4 58114, 0, 16;
    %store/vec4 v0x62cb49437440_0, 0, 16;
    %delay 0, 0;
    %pushi/vec4 0, 0, 1;
    %store/vec4 v0x62cb494376b0_0, 0, 1;
    %delay 1, 0;
    %load/vec4 v0x62cb49437280_0;
    %nor/r;
    %store/vec4 v0x62cb49437280_0, 0, 1;
    %delay 0, 0;
    %pushi/vec4 11111, 0, 16;
    %store/vec4 v0x62cb49437350_0, 0, 16;
    %delay 0, 0;
    %pushi/vec4 58114, 0, 16;
    %store/vec4 v0x62cb49437440_0, 0, 16;
    %delay 0, 0;
    %pushi/vec4 0, 0, 1;
    %store/vec4 v0x62cb494376b0_0, 0, 1;
    %delay 1, 0;
    %load/vec4 v0x62cb49437280_0;
    %nor/r;
    %store/vec4 v0x62cb49437280_0, 0, 1;
    %delay 0, 0;
    %pushi/vec4 11111, 0, 16;
    %store/vec4 v0x62cb49437350_0, 0, 16;
    %delay 0, 0;
    %pushi/vec4 58115, 0, 16;
    %store/vec4 v0x62cb49437440_0, 0, 16;
    %delay 0, 0;
    %pushi/vec4 0, 0, 1;
    %store/vec4 v0x62cb494376b0_0, 0, 1;
    %delay 1, 0;
    %load/vec4 v0x62cb49437280_0;
    %nor/r;
    %store/vec4 v0x62cb49437280_0, 0, 1;
    %delay 0, 0;
    %pushi/vec4 11111, 0, 16;
    %store/vec4 v0x62cb49437350_0, 0, 16;
    %delay 0, 0;
    %pushi/vec4 58115, 0, 16;
    %store/vec4 v0x62cb49437440_0, 0, 16;
    %delay 0, 0;
    %pushi/vec4 0, 0, 1;
    %store/vec4 v0x62cb494376b0_0, 0, 1;
    %delay 1, 0;
    %load/vec4 v0x62cb49437280_0;
    %nor/r;
    %store/vec4 v0x62cb49437280_0, 0, 1;
    %delay 0, 0;
    %pushi/vec4 11111, 0, 16;
    %store/vec4 v0x62cb49437350_0, 0, 16;
    %delay 0, 0;
    %pushi/vec4 58116, 0, 16;
    %store/vec4 v0x62cb49437440_0, 0, 16;
    %delay 0, 0;
    %pushi/vec4 0, 0, 1;
    %store/vec4 v0x62cb494376b0_0, 0, 1;
    %delay 1, 0;
    %load/vec4 v0x62cb49437280_0;
    %nor/r;
    %store/vec4 v0x62cb49437280_0, 0, 1;
    %delay 0, 0;
    %pushi/vec4 11111, 0, 16;
    %store/vec4 v0x62cb49437350_0, 0, 16;
    %delay 0, 0;
    %pushi/vec4 58116, 0, 16;
    %store/vec4 v0x62cb49437440_0, 0, 16;
    %delay 0, 0;
    %pushi/vec4 0, 0, 1;
    %store/vec4 v0x62cb494376b0_0, 0, 1;
    %delay 1, 0;
    %load/vec4 v0x62cb49437280_0;
    %nor/r;
    %store/vec4 v0x62cb49437280_0, 0, 1;
    %delay 0, 0;
    %pushi/vec4 11111, 0, 16;
    %store/vec4 v0x62cb49437350_0, 0, 16;
    %delay 0, 0;
    %pushi/vec4 58117, 0, 16;
    %store/vec4 v0x62cb49437440_0, 0, 16;
    %delay 0, 0;
    %pushi/vec4 0, 0, 1;
    %store/vec4 v0x62cb494376b0_0, 0, 1;
    %delay 1, 0;
    %load/vec4 v0x62cb49437280_0;
    %nor/r;
    %store/vec4 v0x62cb49437280_0, 0, 1;
    %delay 0, 0;
    %pushi/vec4 11111, 0, 16;
    %store/vec4 v0x62cb49437350_0, 0, 16;
    %delay 0, 0;
    %pushi/vec4 58117, 0, 16;
    %store/vec4 v0x62cb49437440_0, 0, 16;
    %delay 0, 0;
    %pushi/vec4 0, 0, 1;
    %store/vec4 v0x62cb494376b0_0, 0, 1;
    %delay 1, 0;
    %load/vec4 v0x62cb49437280_0;
    %nor/r;
    %store/vec4 v0x62cb49437280_0, 0, 1;
    %delay 0, 0;
    %pushi/vec4 11111, 0, 16;
    %store/vec4 v0x62cb49437350_0, 0, 16;
    %delay 0, 0;
    %pushi/vec4 58118, 0, 16;
    %store/vec4 v0x62cb49437440_0, 0, 16;
    %delay 0, 0;
    %pushi/vec4 0, 0, 1;
    %store/vec4 v0x62cb494376b0_0, 0, 1;
    %delay 1, 0;
    %load/vec4 v0x62cb49437280_0;
    %nor/r;
    %store/vec4 v0x62cb49437280_0, 0, 1;
    %delay 0, 0;
    %pushi/vec4 11111, 0, 16;
    %store/vec4 v0x62cb49437350_0, 0, 16;
    %delay 0, 0;
    %pushi/vec4 58118, 0, 16;
    %store/vec4 v0x62cb49437440_0, 0, 16;
    %delay 0, 0;
    %pushi/vec4 0, 0, 1;
    %store/vec4 v0x62cb494376b0_0, 0, 1;
    %delay 1, 0;
    %load/vec4 v0x62cb49437280_0;
    %nor/r;
    %store/vec4 v0x62cb49437280_0, 0, 1;
    %delay 0, 0;
    %pushi/vec4 11111, 0, 16;
    %store/vec4 v0x62cb49437350_0, 0, 16;
    %delay 0, 0;
    %pushi/vec4 58119, 0, 16;
    %store/vec4 v0x62cb49437440_0, 0, 16;
    %delay 0, 0;
    %pushi/vec4 0, 0, 1;
    %store/vec4 v0x62cb494376b0_0, 0, 1;
    %delay 1, 0;
    %load/vec4 v0x62cb49437280_0;
    %nor/r;
    %store/vec4 v0x62cb49437280_0, 0, 1;
    %delay 0, 0;
    %pushi/vec4 11111, 0, 16;
    %store/vec4 v0x62cb49437350_0, 0, 16;
    %delay 0, 0;
    %pushi/vec4 58119, 0, 16;
    %store/vec4 v0x62cb49437440_0, 0, 16;
    %delay 0, 0;
    %pushi/vec4 0, 0, 1;
    %store/vec4 v0x62cb494376b0_0, 0, 1;
    %delay 1, 0;
    %load/vec4 v0x62cb49437280_0;
    %nor/r;
    %store/vec4 v0x62cb49437280_0, 0, 1;
    %delay 0, 0;
    %pushi/vec4 11111, 0, 16;
    %store/vec4 v0x62cb49437350_0, 0, 16;
    %delay 0, 0;
    %pushi/vec4 61392, 0, 16;
    %store/vec4 v0x62cb49437440_0, 0, 16;
    %delay 0, 0;
    %pushi/vec4 0, 0, 1;
    %store/vec4 v0x62cb494376b0_0, 0, 1;
    %delay 1, 0;
    %load/vec4 v0x62cb49437280_0;
    %nor/r;
    %store/vec4 v0x62cb49437280_0, 0, 1;
    %delay 0, 0;
    %pushi/vec4 11111, 0, 16;
    %store/vec4 v0x62cb49437350_0, 0, 16;
    %delay 0, 0;
    %pushi/vec4 61392, 0, 16;
    %store/vec4 v0x62cb49437440_0, 0, 16;
    %delay 0, 0;
    %pushi/vec4 0, 0, 1;
    %store/vec4 v0x62cb494376b0_0, 0, 1;
    %delay 1, 0;
    %load/vec4 v0x62cb49437280_0;
    %nor/r;
    %store/vec4 v0x62cb49437280_0, 0, 1;
    %delay 0, 0;
    %pushi/vec4 11111, 0, 16;
    %store/vec4 v0x62cb49437350_0, 0, 16;
    %delay 0, 0;
    %pushi/vec4 58113, 0, 16;
    %store/vec4 v0x62cb49437440_0, 0, 16;
    %delay 0, 0;
    %pushi/vec4 0, 0, 1;
    %store/vec4 v0x62cb494376b0_0, 0, 1;
    %delay 1, 0;
    %load/vec4 v0x62cb49437280_0;
    %nor/r;
    %store/vec4 v0x62cb49437280_0, 0, 1;
    %delay 0, 0;
    %pushi/vec4 11111, 0, 16;
    %store/vec4 v0x62cb49437350_0, 0, 16;
    %delay 0, 0;
    %pushi/vec4 58113, 0, 16;
    %store/vec4 v0x62cb49437440_0, 0, 16;
    %delay 0, 0;
    %pushi/vec4 0, 0, 1;
    %store/vec4 v0x62cb494376b0_0, 0, 1;
    %delay 1, 0;
    %load/vec4 v0x62cb49437280_0;
    %nor/r;
    %store/vec4 v0x62cb49437280_0, 0, 1;
    %delay 0, 0;
    %pushi/vec4 11111, 0, 16;
    %store/vec4 v0x62cb49437350_0, 0, 16;
    %delay 0, 0;
    %pushi/vec4 58114, 0, 16;
    %store/vec4 v0x62cb49437440_0, 0, 16;
    %delay 0, 0;
    %pushi/vec4 0, 0, 1;
    %store/vec4 v0x62cb494376b0_0, 0, 1;
    %delay 1, 0;
    %load/vec4 v0x62cb49437280_0;
    %nor/r;
    %store/vec4 v0x62cb49437280_0, 0, 1;
    %delay 0, 0;
    %pushi/vec4 11111, 0, 16;
    %store/vec4 v0x62cb49437350_0, 0, 16;
    %delay 0, 0;
    %pushi/vec4 58114, 0, 16;
    %store/vec4 v0x62cb49437440_0, 0, 16;
    %delay 0, 0;
    %pushi/vec4 0, 0, 1;
    %store/vec4 v0x62cb494376b0_0, 0, 1;
    %delay 1, 0;
    %load/vec4 v0x62cb49437280_0;
    %nor/r;
    %store/vec4 v0x62cb49437280_0, 0, 1;
    %delay 0, 0;
    %pushi/vec4 11111, 0, 16;
    %store/vec4 v0x62cb49437350_0, 0, 16;
    %delay 0, 0;
    %pushi/vec4 58115, 0, 16;
    %store/vec4 v0x62cb49437440_0, 0, 16;
    %delay 0, 0;
    %pushi/vec4 0, 0, 1;
    %store/vec4 v0x62cb494376b0_0, 0, 1;
    %delay 1, 0;
    %load/vec4 v0x62cb49437280_0;
    %nor/r;
    %store/vec4 v0x62cb49437280_0, 0, 1;
    %delay 0, 0;
    %pushi/vec4 11111, 0, 16;
    %store/vec4 v0x62cb49437350_0, 0, 16;
    %delay 0, 0;
    %pushi/vec4 58115, 0, 16;
    %store/vec4 v0x62cb49437440_0, 0, 16;
    %delay 0, 0;
    %pushi/vec4 0, 0, 1;
    %store/vec4 v0x62cb494376b0_0, 0, 1;
    %delay 1, 0;
    %load/vec4 v0x62cb49437280_0;
    %nor/r;
    %store/vec4 v0x62cb49437280_0, 0, 1;
    %delay 0, 0;
    %pushi/vec4 11111, 0, 16;
    %store/vec4 v0x62cb49437350_0, 0, 16;
    %delay 0, 0;
    %pushi/vec4 58116, 0, 16;
    %store/vec4 v0x62cb49437440_0, 0, 16;
    %delay 0, 0;
    %pushi/vec4 0, 0, 1;
    %store/vec4 v0x62cb494376b0_0, 0, 1;
    %delay 1, 0;
    %load/vec4 v0x62cb49437280_0;
    %nor/r;
    %store/vec4 v0x62cb49437280_0, 0, 1;
    %delay 0, 0;
    %pushi/vec4 11111, 0, 16;
    %store/vec4 v0x62cb49437350_0, 0, 16;
    %delay 0, 0;
    %pushi/vec4 58116, 0, 16;
    %store/vec4 v0x62cb49437440_0, 0, 16;
    %delay 0, 0;
    %pushi/vec4 0, 0, 1;
    %store/vec4 v0x62cb494376b0_0, 0, 1;
    %delay 1, 0;
    %load/vec4 v0x62cb49437280_0;
    %nor/r;
    %store/vec4 v0x62cb49437280_0, 0, 1;
    %delay 0, 0;
    %pushi/vec4 11111, 0, 16;
    %store/vec4 v0x62cb49437350_0, 0, 16;
    %delay 0, 0;
    %pushi/vec4 58117, 0, 16;
    %store/vec4 v0x62cb49437440_0, 0, 16;
    %delay 0, 0;
    %pushi/vec4 0, 0, 1;
    %store/vec4 v0x62cb494376b0_0, 0, 1;
    %delay 1, 0;
    %load/vec4 v0x62cb49437280_0;
    %nor/r;
    %store/vec4 v0x62cb49437280_0, 0, 1;
    %delay 0, 0;
    %pushi/vec4 11111, 0, 16;
    %store/vec4 v0x62cb49437350_0, 0, 16;
    %delay 0, 0;
    %pushi/vec4 58117, 0, 16;
    %store/vec4 v0x62cb49437440_0, 0, 16;
    %delay 0, 0;
    %pushi/vec4 0, 0, 1;
    %store/vec4 v0x62cb494376b0_0, 0, 1;
    %delay 1, 0;
    %load/vec4 v0x62cb49437280_0;
    %nor/r;
    %store/vec4 v0x62cb49437280_0, 0, 1;
    %delay 0, 0;
    %pushi/vec4 11111, 0, 16;
    %store/vec4 v0x62cb49437350_0, 0, 16;
    %delay 0, 0;
    %pushi/vec4 58118, 0, 16;
    %store/vec4 v0x62cb49437440_0, 0, 16;
    %delay 0, 0;
    %pushi/vec4 0, 0, 1;
    %store/vec4 v0x62cb494376b0_0, 0, 1;
    %delay 1, 0;
    %load/vec4 v0x62cb49437280_0;
    %nor/r;
    %store/vec4 v0x62cb49437280_0, 0, 1;
    %delay 0, 0;
    %pushi/vec4 11111, 0, 16;
    %store/vec4 v0x62cb49437350_0, 0, 16;
    %delay 0, 0;
    %pushi/vec4 58118, 0, 16;
    %store/vec4 v0x62cb49437440_0, 0, 16;
    %delay 0, 0;
    %pushi/vec4 0, 0, 1;
    %store/vec4 v0x62cb494376b0_0, 0, 1;
    %delay 1, 0;
    %load/vec4 v0x62cb49437280_0;
    %nor/r;
    %store/vec4 v0x62cb49437280_0, 0, 1;
    %delay 0, 0;
    %pushi/vec4 11111, 0, 16;
    %store/vec4 v0x62cb49437350_0, 0, 16;
    %delay 0, 0;
    %pushi/vec4 58119, 0, 16;
    %store/vec4 v0x62cb49437440_0, 0, 16;
    %delay 0, 0;
    %pushi/vec4 0, 0, 1;
    %store/vec4 v0x62cb494376b0_0, 0, 1;
    %delay 1, 0;
    %load/vec4 v0x62cb49437280_0;
    %nor/r;
    %store/vec4 v0x62cb49437280_0, 0, 1;
    %delay 0, 0;
    %pushi/vec4 11111, 0, 16;
    %store/vec4 v0x62cb49437350_0, 0, 16;
    %delay 0, 0;
    %pushi/vec4 58119, 0, 16;
    %store/vec4 v0x62cb49437440_0, 0, 16;
    %delay 0, 0;
    %pushi/vec4 0, 0, 1;
    %store/vec4 v0x62cb494376b0_0, 0, 1;
    %delay 1, 0;
    %load/vec4 v0x62cb49437280_0;
    %nor/r;
    %store/vec4 v0x62cb49437280_0, 0, 1;
    %delay 0, 0;
    %pushi/vec4 11111, 0, 16;
    %store/vec4 v0x62cb49437350_0, 0, 16;
    %delay 0, 0;
    %pushi/vec4 58119, 0, 16;
    %store/vec4 v0x62cb49437440_0, 0, 16;
    %delay 0, 0;
    %pushi/vec4 1, 0, 1;
    %store/vec4 v0x62cb494376b0_0, 0, 1;
    %delay 1, 0;
    %load/vec4 v0x62cb49437280_0;
    %nor/r;
    %store/vec4 v0x62cb49437280_0, 0, 1;
    %delay 0, 0;
    %pushi/vec4 11111, 0, 16;
    %store/vec4 v0x62cb49437350_0, 0, 16;
    %delay 0, 0;
    %pushi/vec4 58119, 0, 16;
    %store/vec4 v0x62cb49437440_0, 0, 16;
    %delay 0, 0;
    %pushi/vec4 1, 0, 1;
    %store/vec4 v0x62cb494376b0_0, 0, 1;
    %delay 1, 0;
    %load/vec4 v0x62cb49437280_0;
    %nor/r;
    %store/vec4 v0x62cb49437280_0, 0, 1;
    %delay 0, 0;
    %pushi/vec4 11111, 0, 16;
    %store/vec4 v0x62cb49437350_0, 0, 16;
    %delay 0, 0;
    %pushi/vec4 32767, 0, 16;
    %store/vec4 v0x62cb49437440_0, 0, 16;
    %delay 0, 0;
    %pushi/vec4 0, 0, 1;
    %store/vec4 v0x62cb494376b0_0, 0, 1;
    %delay 1, 0;
    %load/vec4 v0x62cb49437280_0;
    %nor/r;
    %store/vec4 v0x62cb49437280_0, 0, 1;
    %delay 0, 0;
    %pushi/vec4 11111, 0, 16;
    %store/vec4 v0x62cb49437350_0, 0, 16;
    %delay 0, 0;
    %pushi/vec4 32767, 0, 16;
    %store/vec4 v0x62cb49437440_0, 0, 16;
    %delay 0, 0;
    %pushi/vec4 0, 0, 1;
    %store/vec4 v0x62cb494376b0_0, 0, 1;
    %delay 1, 0;
    %vpi_call 2 502 "$finish" {0 0 0};
    %end;
    .thread T_12;
    .scope S_0x62cb49352d90;
T_13 ;
    %vpi_call 2 506 "$monitor", "t = %d, instruction = %b, clk = %b, outM = %d, writeM = %b, addressM = %d, pcaddr = %d, DRegister = %d, ARegister = %d", v0x62cb49437780_0, v0x62cb49437440_0, v0x62cb49437280_0, v0x62cb49437510_0, v0x62cb49437820_0, v0x62cb494371e0_0, v0x62cb494375e0_0, v0x62cb494370d0_0, v0x62cb49436fa0_0 {0 0 0};
    %end;
    .thread T_13;
# The file index is used to find the file name in the following table.
:file_names 7;
    "N/A";
    "<interactive>";
    "cpu_tb.v";
    "cpu.v";
    "register.v";
    "alu.v";
    "pc.v";
